[debug] [2025-06-10T09:26:40.340Z] ----------------------------------------------------------------------
[debug] [2025-06-10T09:26:40.342Z] Command:       C:\Program Files\nodejs\node.exe C:\Users\admin\AppData\Roaming\npm\node_modules\firebase-tools\lib\bin\firebase.js init hosting
[debug] [2025-06-10T09:26:40.343Z] CLI Version:   14.6.0
[debug] [2025-06-10T09:26:40.343Z] Platform:      win32
[debug] [2025-06-10T09:26:40.343Z] Node Version:  v22.15.0
[debug] [2025-06-10T09:26:40.343Z] Time:          Tue Jun 10 2025 16:26:40 GMT+0700 (Indochina Time)
[debug] [2025-06-10T09:26:40.343Z] ----------------------------------------------------------------------
[debug] 
[debug] [2025-06-10T09:26:40.348Z] > command requires scopes: ["email","openid","https://www.googleapis.com/auth/cloudplatformprojects.readonly","https://www.googleapis.com/auth/firebase","https://www.googleapis.com/auth/cloud-platform"]
[debug] [2025-06-10T09:26:40.348Z] > authorizing via signed-in user (soemnho1695@gmail.com)
[info] 
     ######## #### ########  ######## ########     ###     ######  ########
     ##        ##  ##     ## ##       ##     ##  ##   ##  ##       ##
     ######    ##  ########  ######   ########  #########  ######  ######
     ##        ##  ##    ##  ##       ##     ## ##     ##       ## ##
     ##       #### ##     ## ######## ########  ##     ##  ######  ########

You're about to initialize a Firebase project in this directory:

  C:\Users\admin\Desktop\BoxChat\client

[info] 
=== Project Setup
[info] 
[info] First, let's associate this project directory with a Firebase project.
[info] You can create multiple project aliases by running firebase use --add, 
[info] but for now we'll just set up a default project.
[info] 
[debug] [2025-06-10T09:26:56.282Z] Checked if tokens are valid: true, expires at: 1749551139267
[debug] [2025-06-10T09:26:56.282Z] Checked if tokens are valid: true, expires at: 1749551139267
[debug] [2025-06-10T09:26:56.283Z] >>> [apiv2][query] GET https://firebase.googleapis.com/v1beta1/projects pageSize=100
[debug] [2025-06-10T09:26:56.952Z] <<< [apiv2][status] GET https://firebase.googleapis.com/v1beta1/projects 200
[debug] [2025-06-10T09:26:56.952Z] <<< [apiv2][body] GET https://firebase.googleapis.com/v1beta1/projects [omitted]
[info] i  Using project boxchat-44824 (BoxChat) 
[info] 
=== Hosting Setup
[debug] [2025-06-10T09:26:59.607Z] Checked if tokens are valid: true, expires at: 1749551139267
[debug] [2025-06-10T09:26:59.608Z] Checked if tokens are valid: true, expires at: 1749551139267
[debug] [2025-06-10T09:26:59.608Z] >>> [apiv2][query] GET https://firebase.googleapis.com/v1beta1/projects/boxchat-44824 [none]
[debug] [2025-06-10T09:26:59.895Z] <<< [apiv2][status] GET https://firebase.googleapis.com/v1beta1/projects/boxchat-44824 200
[debug] [2025-06-10T09:26:59.895Z] <<< [apiv2][body] GET https://firebase.googleapis.com/v1beta1/projects/boxchat-44824 {"projectId":"boxchat-44824","projectNumber":"687972872492","displayName":"BoxChat","name":"projects/boxchat-44824","resources":{"hostingSite":"boxchat-44824"},"state":"ACTIVE","etag":"1_01fa31c3-10b4-4187-8143-afc0b30c62de"}
[info] 
[info] Your public directory is the folder (relative to your project directory) that
[info] will contain Hosting assets to be uploaded with firebase deploy. If you
[info] have a build process for your assets, use your build's output directory.
[info] 
[debug] [2025-06-10T09:27:12.089Z] >>> [apiv2][query] GET https://www.gstatic.com/firebasejs/releases.json [none]
[debug] [2025-06-10T09:27:12.250Z] <<< [apiv2][status] GET https://www.gstatic.com/firebasejs/releases.json 200
[debug] [2025-06-10T09:27:12.250Z] <<< [apiv2][body] GET https://www.gstatic.com/firebasejs/releases.json {"current":{"version":"11.9.0","browserURL":"https://www.gstatic.com/firebasejs/11.9.0/firebase.js","packageURL":"https://www.gstatic.com/firebasejs/11.9.0/firebase.tgz"},"live":{"version":"11.9","browserURL":"https://www.gstatic.com/firebasejs/live/11.9/firebase.js","packageURL":"https://www.gstatic.com/firebasejs/live/11.9/firebase.tgz"},"components":{"ai":"https://www.gstatic.com/firebasejs/11.9.0/firebase-ai.js","analytics":"https://www.gstatic.com/firebasejs/11.9.0/firebase-analytics.js","app":"https://www.gstatic.com/firebasejs/11.9.0/firebase-app.js","app-check":"https://www.gstatic.com/firebasejs/11.9.0/firebase-app-check.js","auth":"https://www.gstatic.com/firebasejs/11.9.0/firebase-auth.js","auth/cordova":"https://www.gstatic.com/firebasejs/11.9.0/firebase-auth/cordova.js","auth/web-extension":"https://www.gstatic.com/firebasejs/11.9.0/firebase-auth/web-extension.js","functions":"https://www.gstatic.com/firebasejs/11.9.0/firebase-functions.js","firestore":"https://www.gstatic.com/firebasejs/11.9.0/firebase-firestore.js","firestore/lite":"https://www.gstatic.com/firebasejs/11.9.0/firebase-firestore/lite.js","installations":"https://www.gstatic.com/firebasejs/11.9.0/firebase-installations.js","storage":"https://www.gstatic.com/firebasejs/11.9.0/firebase-storage.js","performance":"https://www.gstatic.com/firebasejs/11.9.0/firebase-performance.js","remote-config":"https://www.gstatic.com/firebasejs/11.9.0/firebase-remote-config.js","messaging":"https://www.gstatic.com/firebasejs/11.9.0/firebase-messaging.js","messaging/sw":"https://www.gstatic.com/firebasejs/11.9.0/firebase-messaging/sw.js","database":"https://www.gstatic.com/firebasejs/11.9.0/firebase-database.js","vertexai":"https://www.gstatic.com/firebasejs/11.9.0/firebase-vertexai.js","data-connect":"https://www.gstatic.com/firebasejs/11.9.0/firebase-data-connect.js","firestore.memory":"https://www.gstatic.com/firebasejs/11.9.0/firebase-firestore.memory.js"}}
[info] +  Wrote public/index.html 
[info] 
[info] i  Didn't detect a .git folder. Assuming C:\Users\admin\Desktop\BoxChat\client is the project root. 
[info] i  Authorizing with GitHub to upload your service account to a GitHub repository's secrets store. 
[info] 
[info] Visit this URL on this device to log in:
[info] https://github.com/login/oauth/authorize?client_id=89cf50f02ac6aaed3484&state=1037547792&redirect_uri=http%3A%2F%2Flocalhost%3A9005&scope=read%3Auser%20repo%20public_repo
[info] 
[info] Waiting for authentication...
[debug] [2025-06-10T09:29:29.031Z] >>> [apiv2][query] POST https://github.com/login/oauth/access_token [none]
[debug] [2025-06-10T09:29:29.031Z] >>> [apiv2][body] POST https://github.com/login/oauth/access_token [stream]
[debug] [2025-06-10T09:29:29.562Z] <<< [apiv2][status] POST https://github.com/login/oauth/access_token 200
[debug] [2025-06-10T09:29:29.562Z] <<< [apiv2][body] POST https://github.com/login/oauth/access_token {"access_token":"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","token_type":"bearer","scope":"read:user,repo"}
[debug] [2025-06-10T09:29:29.569Z] >>> [apiv2][query] GET https://api.github.com/user [none]
[debug] [2025-06-10T09:29:30.071Z] <<< [apiv2][status] GET https://api.github.com/user 200
[debug] [2025-06-10T09:29:30.071Z] <<< [apiv2][body] GET https://api.github.com/user {"login":"erytan","id":146422767,"node_id":"U_kgDOCLo77w","avatar_url":"https://avatars.githubusercontent.com/u/146422767?v=4","gravatar_id":"","url":"https://api.github.com/users/erytan","html_url":"https://github.com/erytan","followers_url":"https://api.github.com/users/erytan/followers","following_url":"https://api.github.com/users/erytan/following{/other_user}","gists_url":"https://api.github.com/users/erytan/gists{/gist_id}","starred_url":"https://api.github.com/users/erytan/starred{/owner}{/repo}","subscriptions_url":"https://api.github.com/users/erytan/subscriptions","organizations_url":"https://api.github.com/users/erytan/orgs","repos_url":"https://api.github.com/users/erytan/repos","events_url":"https://api.github.com/users/erytan/events{/privacy}","received_events_url":"https://api.github.com/users/erytan/received_events","type":"User","user_view_type":"private","site_admin":false,"name":null,"company":null,"blog":"","location":null,"email":null,"hireable":null,"bio":null,"twitter_username":null,"notification_email":null,"public_repos":12,"public_gists":0,"followers":0,"following":1,"created_at":"2023-09-29T07:49:35Z","updated_at":"2025-06-10T09:29:23Z","private_gists":0,"total_private_repos":1,"owned_private_repos":1,"disk_usage":53256,"collaborators":0,"two_factor_authentication":false,"plan":{"name":"free","space":976562499,"collaborators":0,"private_repos":10000}}
[info] 
[info] +  Success! Logged into GitHub as erytan 
[info] 
[debug] [2025-06-10T09:29:46.850Z] >>> [apiv2][query] GET https://api.github.com/repos/user/repository/actions/secrets/public-key type=owner
[debug] [2025-06-10T09:29:47.292Z] <<< [apiv2][status] GET https://api.github.com/repos/user/repository/actions/secrets/public-key 404
[debug] [2025-06-10T09:29:47.292Z] <<< [apiv2][body] GET https://api.github.com/repos/user/repository/actions/secrets/public-key {"message":"Not Found","documentation_url":"https://docs.github.com/rest/actions/secrets#get-a-repository-public-key","status":"404"}
[info] 
[info] 
[error] !  The provided authorization cannot be used with this repository. If this repository is in an organization, did you remember to grant access? 
[info] 
[info] i  Action required: Visit this URL to ensure access has been granted to the appropriate organization(s) for the Firebase CLI GitHub OAuth App: 
[info] https://github.com/settings/connections/applications/89cf50f02ac6aaed3484
[info] 
[debug] [2025-06-10T09:30:01.825Z] >>> [apiv2][query] GET https://api.github.com/repos/no/actions/secrets/public-key type=owner
[debug] [2025-06-10T09:30:02.234Z] <<< [apiv2][status] GET https://api.github.com/repos/no/actions/secrets/public-key 404
[debug] [2025-06-10T09:30:02.234Z] <<< [apiv2][body] GET https://api.github.com/repos/no/actions/secrets/public-key {"message":"Not Found","documentation_url":"https://docs.github.com/rest","status":"404"}
[info] 
[info] 
[error] !  The provided authorization cannot be used with this repository. If this repository is in an organization, did you remember to grant access? 
[info] 
[info] i  Action required: Visit this URL to ensure access has been granted to the appropriate organization(s) for the Firebase CLI GitHub OAuth App: 
[info] https://github.com/settings/connections/applications/89cf50f02ac6aaed3484
[info] 
[debug] [2025-06-10T09:30:13.842Z] >>> [apiv2][query] GET https://api.github.com/repos/user/repository/actions/secrets/public-key type=owner
[debug] [2025-06-10T09:30:14.241Z] <<< [apiv2][status] GET https://api.github.com/repos/user/repository/actions/secrets/public-key 404
[debug] [2025-06-10T09:30:14.242Z] <<< [apiv2][body] GET https://api.github.com/repos/user/repository/actions/secrets/public-key {"message":"Not Found","documentation_url":"https://docs.github.com/rest/actions/secrets#get-a-repository-public-key","status":"404"}
[info] 
[info] 
[error] !  The provided authorization cannot be used with this repository. If this repository is in an organization, did you remember to grant access? 
[info] 
[info] i  Action required: Visit this URL to ensure access has been granted to the appropriate organization(s) for the Firebase CLI GitHub OAuth App: 
[info] https://github.com/settings/connections/applications/89cf50f02ac6aaed3484
[info] 
[debug] [2025-06-10T09:30:39.321Z] >>> [apiv2][query] GET https://api.github.com/repos/format: user/repository/actions/secrets/public-key type=owner
[debug] [2025-06-10T09:30:39.728Z] <<< [apiv2][status] GET https://api.github.com/repos/format: user/repository/actions/secrets/public-key 404
[debug] [2025-06-10T09:30:39.728Z] <<< [apiv2][body] GET https://api.github.com/repos/format: user/repository/actions/secrets/public-key {"message":"Not Found","documentation_url":"https://docs.github.com/rest/actions/secrets#get-a-repository-public-key","status":"404"}
[info] 
[info] 
[error] !  The provided authorization cannot be used with this repository. If this repository is in an organization, did you remember to grant access? 
[info] 
[info] i  Action required: Visit this URL to ensure access has been granted to the appropriate organization(s) for the Firebase CLI GitHub OAuth App: 
[info] https://github.com/settings/connections/applications/89cf50f02ac6aaed3484
[info] 
